# JRE version: OpenJDK Runtime Environment AdoptOpenJDK (14.0.2+12) (build 14.0.2+12)
# Java VM: OpenJDK 64-Bit Server VM AdoptOpenJDK (14.0.2+12, mixed mode, sharing, tiered, compressed oops, g1 gc, windows-amd64)
Heap:
 garbage-first heap   total 262144K, used 19334K [0x0000000701c00000, 0x0000000800000000)
  region size 1024K, 15 young (15360K), 4 survivors (4096K)
 Metaspace       used 12523K, capacity 13131K, committed 13312K, reserved 1060864K
  class space    used 1466K, capacity 1701K, committed 1792K, reserved 1048576K
GC Heap History (6 events):
Event: 0.480 GC heap before
{Heap before GC invocations=0 (full 0):
 garbage-first heap   total 262144K, used 13312K [0x0000000701c00000, 0x0000000800000000)
  region size 1024K, 13 young (13312K), 0 survivors (0K)
 Metaspace       used 2719K, capacity 5659K, committed 5760K, reserved 1056768K
  class space    used 321K, capacity 616K, committed 640K, reserved 1048576K
}
Event: 0.483 GC heap after
{Heap after GC invocations=1 (full 0):
 garbage-first heap   total 262144K, used 5796K [0x0000000701c00000, 0x0000000800000000)
  region size 1024K, 2 young (2048K), 2 survivors (2048K)
 Metaspace       used 2719K, capacity 5659K, committed 5760K, reserved 1056768K
  class space    used 321K, capacity 616K, committed 640K, reserved 1048576K
}
Event: 1.518 GC heap before
{Heap before GC invocations=1 (full 0):
 garbage-first heap   total 262144K, used 17060K [0x0000000701c00000, 0x0000000800000000)
  region size 1024K, 13 young (13312K), 2 survivors (2048K)
 Metaspace       used 4986K, capacity 7078K, committed 7296K, reserved 1056768K
  class space    used 567K, capacity 852K, committed 896K, reserved 1048576K
}
Event: 1.520 GC heap after
{Heap after GC invocations=2 (full 0):
 garbage-first heap   total 262144K, used 6836K [0x0000000701c00000, 0x0000000800000000)
  region size 1024K, 1 young (1024K), 1 survivors (1024K)
 Metaspace       used 4986K, capacity 7078K, committed 7296K, reserved 1056768K
  class space    used 567K, capacity 852K, committed 896K, reserved 1048576K
}
Event: 2.036 GC heap before
{Heap before GC invocations=2 (full 0):
 garbage-first heap   total 262144K, used 33460K [0x0000000701c00000, 0x0000000800000000)
  region size 1024K, 27 young (27648K), 1 survivors (1024K)
 Metaspace       used 11022K, capacity 11625K, committed 11904K, reserved 1058816K
  class space    used 1315K, capacity 1542K, committed 1664K, reserved 1048576K
}
Event: 2.040 GC heap after
{Heap after GC invocations=3 (full 0):
 garbage-first heap   total 262144K, used 9094K [0x0000000701c00000, 0x0000000800000000)
  region size 1024K, 4 young (4096K), 4 survivors (4096K)
 Metaspace       used 11022K, capacity 11625K, committed 11904K, reserved 1058816K
  class space    used 1315K, capacity 1542K, committed 1664K, reserved 1048576K
}

