# JRE version: Java(TM) SE Runtime Environment (14.0+36) (build 14+36-1461)
# Java VM: Java HotSpot(TM) 64-Bit Server VM (14+36-1461, mixed mode, sharing, tiered, compressed oops, g1 gc, windows-amd64)
Heap:
 garbage-first heap   total 131072K, used 15101K [0x0000000081c00000, 0x0000000100000000)
  region size 1024K, 11 young (11264K), 4 survivors (4096K)
 Metaspace       used 11948K, capacity 12578K, committed 12672K, reserved 1060864K
  class space    used 1412K, capacity 1656K, committed 1664K, reserved 1048576K
GC Heap History (6 events):
Event: 0.507 GC heap before
{Heap before GC invocations=0 (full 0):
 garbage-first heap   total 131072K, used 13312K [0x0000000081c00000, 0x0000000100000000)
  region size 1024K, 13 young (13312K), 0 survivors (0K)
 Metaspace       used 2506K, capacity 5263K, committed 5504K, reserved 1056768K
  class space    used 267K, capacity 522K, committed 640K, reserved 1048576K
}
Event: 0.512 GC heap after
{Heap after GC invocations=1 (full 0):
 garbage-first heap   total 131072K, used 5527K [0x0000000081c00000, 0x0000000100000000)
  region size 1024K, 2 young (2048K), 2 survivors (2048K)
 Metaspace       used 2506K, capacity 5263K, committed 5504K, reserved 1056768K
  class space    used 267K, capacity 522K, committed 640K, reserved 1048576K
}
Event: 0.836 GC heap before
{Heap before GC invocations=1 (full 0):
 garbage-first heap   total 131072K, used 18839K [0x0000000081c00000, 0x0000000100000000)
  region size 1024K, 15 young (15360K), 2 survivors (2048K)
 Metaspace       used 4639K, capacity 7083K, committed 7424K, reserved 1056768K
  class space    used 602K, capacity 925K, committed 1024K, reserved 1048576K
}
Event: 0.839 GC heap after
{Heap after GC invocations=2 (full 0):
 garbage-first heap   total 131072K, used 6333K [0x0000000081c00000, 0x0000000100000000)
  region size 1024K, 1 young (1024K), 1 survivors (1024K)
 Metaspace       used 4639K, capacity 7083K, committed 7424K, reserved 1056768K
  class space    used 602K, capacity 925K, committed 1024K, reserved 1048576K
}
Event: 1.370 GC heap before
{Heap before GC invocations=2 (full 0):
 garbage-first heap   total 131072K, used 29885K [0x0000000081c00000, 0x0000000100000000)
  region size 1024K, 25 young (25600K), 1 survivors (1024K)
 Metaspace       used 10848K, capacity 11389K, committed 11520K, reserved 1058816K
  class space    used 1291K, capacity 1493K, committed 1536K, reserved 1048576K
}
Event: 1.374 GC heap after
{Heap after GC invocations=3 (full 0):
 garbage-first heap   total 131072K, used 8957K [0x0000000081c00000, 0x0000000100000000)
  region size 1024K, 4 young (4096K), 4 survivors (4096K)
 Metaspace       used 10848K, capacity 11389K, committed 11520K, reserved 1058816K
  class space    used 1291K, capacity 1493K, committed 1536K, reserved 1048576K
}

